
> creative-builders-theme-one@0.0.0 start
> ng serve

- Building...

Initial chunk files | Names                 |  Raw size
polyfills.js        | polyfills             |  88.09 kB | 
main.js             | main                  |   6.17 kB | 
styles.css          | styles                |   1.27 kB | 
chunk-HN5UAHUH.js   | -                     | 257 bytes | 

                    | Initial total         |  95.78 kB

Lazy chunk files    | Names                 |  Raw size
chunk-NWJ5SJVA.js   | administration-module | 303.44 kB | 
chunk-3YZQ6QO7.js   | customer-app-module   | 191.60 kB | 

Application bundle generation complete. [5.499 seconds]

Watch mode enabled. Watching for file changes...
  âžœ  Local:   http://localhost:4200/
- Changes detected. Rebuilding...

Initial chunk files | Names                 |  Raw size
main.js             | main                  |   6.17 kB | 

Lazy chunk files    | Names                 |  Raw size
chunk-3TKQSJY3.js   | administration-module | 303.74 kB | 

Application bundle generation complete. [0.953 seconds]

Page reload sent to client(s).
- Changes detected. Rebuilding...

Initial chunk files | Names                 |  Raw size
main.js             | main                  |   6.17 kB | 

Lazy chunk files    | Names                 |  Raw size
chunk-3C7XHGC5.js   | administration-module | 305.35 kB | 

Application bundle generation complete. [0.308 seconds]

Page reload sent to client(s).
- Changes detected. Rebuilding...

Initial chunk files | Names                 |  Raw size
main.js             | main                  |   6.17 kB | 

Lazy chunk files    | Names                 |  Raw size
chunk-7HXZLJI5.js   | administration-module | 305.37 kB | 

Application bundle generation complete. [0.329 seconds]

Page reload sent to client(s).
- Changes detected. Rebuilding...

Initial chunk files | Names                 |  Raw size
main.js             | main                  |   6.17 kB | 

Lazy chunk files    | Names                 |  Raw size
chunk-KXYGTUB6.js   | administration-module | 306.17 kB | 

Application bundle generation complete. [0.286 seconds]

Page reload sent to client(s).
- Changes detected. Rebuilding...

Application bundle generation failed. [0.171 seconds]

âœ˜ [ERROR] NG5002: Opening tag "input" not terminated. [plugin angular-compiler]

    src/app/administration/my-sites/sites-table/sites-table.component.html:20:24:
      20 â”‚ ...          <input type="text" placeholder="Search by Name or Loc...
         â•µ              ~~~~~~~~~~~~~~~~~~~~~~~~~~~~~~~~~~~~~~~~~~~~~~~~~~~~~

  Error occurs in the template of component SitesTableComponent.

    src/app/administration/my-sites/sites-table/sites-table.component.ts:20:15:
      20 â”‚   templateUrl: './sites-table.component.html',
         â•µ                ~~~~~~~~~~~~~~~~~~~~~~~~~~~~~~


- Changes detected. Rebuilding...

Initial chunk files | Names                 |  Raw size
polyfills.js        | polyfills             |  88.09 kB | 
main.js             | main                  |   6.17 kB | 
styles.css          | styles                |   1.27 kB | 
chunk-HN5UAHUH.js   | -                     | 257 bytes | 

                    | Initial total         |  95.78 kB

Lazy chunk files    | Names                 |  Raw size
chunk-KXYGTUB6.js   | administration-module | 306.17 kB | 
chunk-3YZQ6QO7.js   | customer-app-module   | 191.60 kB | 

Application bundle generation complete. [0.265 seconds]

- Changes detected. Rebuilding...

Initial chunk files | Names                 |  Raw size
main.js             | main                  |   6.17 kB | 

Lazy chunk files    | Names                 |  Raw size
chunk-ETAEEI5E.js   | administration-module | 305.71 kB | 

Application bundle generation complete. [0.251 seconds]

Page reload sent to client(s).
- Changes detected. Rebuilding...

Initial chunk files | Names                 |  Raw size
main.js             | main                  |   6.17 kB | 

Lazy chunk files    | Names                 |  Raw size
chunk-NU3IBOEY.js   | administration-module | 306.23 kB | 

Application bundle generation complete. [0.271 seconds]

Page reload sent to client(s).
- Changes detected. Rebuilding...

Initial chunk files | Names                 |  Raw size
main.js             | main                  |   6.17 kB | 

Lazy chunk files    | Names                 |  Raw size
chunk-IGK4O3JW.js   | administration-module | 306.19 kB | 

Application bundle generation complete. [0.337 seconds]

Page reload sent to client(s).
- Changes detected. Rebuilding...

Initial chunk files | Names                 |  Raw size
main.js             | main                  |   6.17 kB | 

Lazy chunk files    | Names                 |  Raw size
chunk-YV4ZMXP5.js   | administration-module | 306.11 kB | 

Application bundle generation complete. [0.264 seconds]

Page reload sent to client(s).
- Changes detected. Rebuilding...

Application bundle generation failed. [0.267 seconds]

âœ˜ [ERROR] NG5002: Opening tag "input" not terminated. [plugin angular-compiler]

    src/app/administration/my-sites/sites-table/sites-table.component.html:25:28:
      25 â”‚                             <input type="text" [(ngModel)]="searchTe>
         â•µ                             ~~~~~~~~~~~~~~~~~~~~~~~~~~~~~~~~~~~~~~~~~

  Error occurs in the template of component SitesTableComponent.

    src/app/administration/my-sites/sites-table/sites-table.component.ts:20:15:
      20 â”‚   templateUrl: './sites-table.component.html',
         â•µ                ~~~~~~~~~~~~~~~~~~~~~~~~~~~~~~


- Changes detected. Rebuilding...

Initial chunk files | Names                 |  Raw size
polyfills.js        | polyfills             |  88.09 kB | 
main.js             | main                  |   6.17 kB | 
styles.css          | styles                |   1.27 kB | 
chunk-HN5UAHUH.js   | -                     | 257 bytes | 

                    | Initial total         |  95.78 kB

Lazy chunk files    | Names                 |  Raw size
chunk-YV4ZMXP5.js   | administration-module | 306.11 kB | 
chunk-3YZQ6QO7.js   | customer-app-module   | 191.60 kB | 

Application bundle generation complete. [0.231 seconds]

- Changes detected. Rebuilding...

Initial chunk files | Names                 |  Raw size
main.js             | main                  |   6.17 kB | 

Lazy chunk files    | Names                 |  Raw size
chunk-NKSYMI2U.js   | administration-module | 306.11 kB | 

Application bundle generation complete. [0.300 seconds]

Page reload sent to client(s).
- Changes detected. Rebuilding...

Initial chunk files | Names                 |  Raw size
main.js             | main                  |   6.17 kB | 

Lazy chunk files    | Names                 |  Raw size
chunk-DADZYDZQ.js   | administration-module | 306.16 kB | 

Application bundle generation complete. [0.267 seconds]

Page reload sent to client(s).
- Changes detected. Rebuilding...

Initial chunk files | Names                 |  Raw size
main.js             | main                  |   6.17 kB | 

Lazy chunk files    | Names                 |  Raw size
chunk-IGG3Z5FF.js   | administration-module | 305.95 kB | 

Application bundle generation complete. [0.258 seconds]

Page reload sent to client(s).
- Changes detected. Rebuilding...

Initial chunk files | Names                 |  Raw size
main.js             | main                  |   6.17 kB | 

Lazy chunk files    | Names                 |  Raw size
chunk-B47MEC6X.js   | administration-module | 305.80 kB | 

Application bundle generation complete. [0.466 seconds]

Page reload sent to client(s).
- Changes detected. Rebuilding...

Initial chunk files | Names                 |  Raw size
main.js             | main                  |   6.17 kB | 

Lazy chunk files    | Names                 |  Raw size
chunk-DM54BT4M.js   | administration-module | 305.41 kB | 

Application bundle generation complete. [0.213 seconds]

Page reload sent to client(s).
- Changes detected. Rebuilding...

Initial chunk files | Names                 |  Raw size
main.js             | main                  |   6.17 kB | 

Lazy chunk files    | Names                 |  Raw size
chunk-UA2SWRP4.js   | administration-module | 305.41 kB | 

Application bundle generation complete. [0.281 seconds]

Page reload sent to client(s).
- Changes detected. Rebuilding...

Initial chunk files | Names                 |  Raw size
main.js             | main                  |   6.17 kB | 

Lazy chunk files    | Names                 |  Raw size
chunk-MQR37GGI.js   | administration-module | 305.41 kB | 

Application bundle generation complete. [0.216 seconds]

Page reload sent to client(s).
- Changes detected. Rebuilding...

Initial chunk files | Names                 |  Raw size
main.js             | main                  |   6.17 kB | 

Lazy chunk files    | Names                 |  Raw size
chunk-OWR5CQWR.js   | administration-module | 305.42 kB | 

Application bundle generation complete. [0.190 seconds]

Page reload sent to client(s).
- Changes detected. Rebuilding...

Initial chunk files | Names                 |  Raw size
main.js             | main                  |   6.17 kB | 

Lazy chunk files    | Names                 |  Raw size
chunk-LMW63FYD.js   | administration-module | 305.42 kB | 

Application bundle generation complete. [0.247 seconds]

Page reload sent to client(s).
- Changes detected. Rebuilding...

Application bundle generation failed. [0.177 seconds]

â–² [WARNING] NG8103: The `*ngIf` directive was used in the template, but neither the `NgIf` directive nor the `CommonModule` was imported. Use Angular's built-in control flow @if or make sure that either the `NgIf` directive or the `CommonModule` is included in the `@Component.imports` array of this component. [plugin angular-compiler]

    src/app/administration/site-info/site-info-table/site-info-table.component.html:32:37:
      32 â”‚                                     *ngIf="isDropdownOpen">
         â•µ                                      ~~~~

  Error occurs in the template of component SiteInfoTableComponent.

    src/app/administration/site-info/site-info-table/site-info-table.component.ts:8:15:
      8 â”‚   templateUrl: './site-info-table.component.html',
        â•µ                ~~~~~~~~~~~~~~~~~~~~~~~~~~~~~~~~~~


âœ˜ [ERROR] NG8002: Can't bind to 'ngModel' since it isn't a known property of 'input'. [plugin angular-compiler]

    src/app/administration/site-info/site-info-table/site-info-table.component.html:21:47:
      21 â”‚ ... <input type="text" [(ngModel)]="searchText" placeholder="Searc...
         â•µ                        ~~~~~~~~~~~~~~~~~~~~~~~~

  Error occurs in the template of component SiteInfoTableComponent.

    src/app/administration/site-info/site-info-table/site-info-table.component.ts:8:15:
      8 â”‚   templateUrl: './site-info-table.component.html',
        â•µ                ~~~~~~~~~~~~~~~~~~~~~~~~~~~~~~~~~~


âœ˜ [ERROR] NG9: Property 'searchText' does not exist on type 'SiteInfoTableComponent'. [plugin angular-compiler]

    src/app/administration/site-info/site-info-table/site-info-table.component.html:21:60:
      21 â”‚ ...t type="text" [(ngModel)]="searchText" placeholder="Search by N...
         â•µ                               ~~~~~~~~~~

  Error occurs in the template of component SiteInfoTableComponent.

    src/app/administration/site-info/site-info-table/site-info-table.component.ts:8:15:
      8 â”‚   templateUrl: './site-info-table.component.html',
        â•µ                ~~~~~~~~~~~~~~~~~~~~~~~~~~~~~~~~~~


âœ˜ [ERROR] NG9: Property 'searchText' does not exist on type 'SiteInfoTableComponent'. [plugin angular-compiler]

    src/app/administration/site-info/site-info-table/site-info-table.component.html:21:60:
      21 â”‚ ...t type="text" [(ngModel)]="searchText" placeholder="Search by N...
         â•µ                               ~~~~~~~~~~

  Error occurs in the template of component SiteInfoTableComponent.

    src/app/administration/site-info/site-info-table/site-info-table.component.ts:8:15:
      8 â”‚   templateUrl: './site-info-table.component.html',
        â•µ                ~~~~~~~~~~~~~~~~~~~~~~~~~~~~~~~~~~


âœ˜ [ERROR] NG9: Property 'toggleDropdown' does not exist on type 'SiteInfoTableComponent'. [plugin angular-compiler]

    src/app/administration/site-info/site-info-table/site-info-table.component.html:29:64:
      29 â”‚ ...ass="selectBtn" (click)="toggleDropdown()" [class.toggle]="isDr...
         â•µ                             ~~~~~~~~~~~~~~

  Error occurs in the template of component SiteInfoTableComponent.

    src/app/administration/site-info/site-info-table/site-info-table.component.ts:8:15:
      8 â”‚   templateUrl: './site-info-table.component.html',
        â•µ                ~~~~~~~~~~~~~~~~~~~~~~~~~~~~~~~~~~


âœ˜ [ERROR] NG9: Property 'isDropdownOpen' does not exist on type 'SiteInfoTableComponent'. [plugin angular-compiler]

    src/app/administration/site-info/site-info-table/site-info-table.component.html:29:98:
      29 â”‚ ...Btn" (click)="toggleDropdown()" [class.toggle]="isDropdownOpen">{{
         â•µ                                                    ~~~~~~~~~~~~~~

  Error occurs in the template of component SiteInfoTableComponent.

    src/app/administration/site-info/site-info-table/site-info-table.component.ts:8:15:
      8 â”‚   templateUrl: './site-info-table.component.html',
        â•µ                ~~~~~~~~~~~~~~~~~~~~~~~~~~~~~~~~~~


âœ˜ [ERROR] NG9: Property 'filterStatusVal' does not exist on type 'SiteInfoTableComponent'. [plugin angular-compiler]

    src/app/administration/site-info/site-info-table/site-info-table.component.html:30:36:
      30 â”‚                                     filterStatusVal }}</div>
         â•µ                                     ~~~~~~~~~~~~~~~

  Error occurs in the template of component SiteInfoTableComponent.

    src/app/administration/site-info/site-info-table/site-info-table.component.ts:8:15:
      8 â”‚   templateUrl: './site-info-table.component.html',
        â•µ                ~~~~~~~~~~~~~~~~~~~~~~~~~~~~~~~~~~


âœ˜ [ERROR] NG9: Property 'isDropdownOpen' does not exist on type 'SiteInfoTableComponent'. [plugin angular-compiler]

    src/app/administration/site-info/site-info-table/site-info-table.component.html:31:76:
      31 â”‚ ...tDropdown" [class.toggle]="isDropdownOpen" style="display: block;"
         â•µ                               ~~~~~~~~~~~~~~

  Error occurs in the template of component SiteInfoTableComponent.

    src/app/administration/site-info/site-info-table/site-info-table.component.ts:8:15:
      8 â”‚   templateUrl: './site-info-table.component.html',
        â•µ                ~~~~~~~~~~~~~~~~~~~~~~~~~~~~~~~~~~


âœ˜ [ERROR] NG9: Property 'selectStatus' does not exist on type 'SiteInfoTableComponent'. [plugin angular-compiler]

    src/app/administration/site-info/site-info-table/site-info-table.component.html:33:65:
      33 â”‚ ...<div class="option" (click)="selectStatus('All')">All Status</div>
         â•µ                                 ~~~~~~~~~~~~

  Error occurs in the template of component SiteInfoTableComponent.

    src/app/administration/site-info/site-info-table/site-info-table.component.ts:8:15:
      8 â”‚   templateUrl: './site-info-table.component.html',
        â•µ                ~~~~~~~~~~~~~~~~~~~~~~~~~~~~~~~~~~


âœ˜ [ERROR] NG9: Property 'selectStatus' does not exist on type 'SiteInfoTableComponent'. [plugin angular-compiler]

    src/app/administration/site-info/site-info-table/site-info-table.component.html:34:65:
      34 â”‚ ...v class="option" (click)="selectStatus('Completed')">Completed<...
         â•µ                              ~~~~~~~~~~~~

  Error occurs in the template of component SiteInfoTableComponent.

    src/app/administration/site-info/site-info-table/site-info-table.component.ts:8:15:
      8 â”‚   templateUrl: './site-info-table.component.html',
        â•µ                ~~~~~~~~~~~~~~~~~~~~~~~~~~~~~~~~~~


âœ˜ [ERROR] NG9: Property 'selectStatus' does not exist on type 'SiteInfoTableComponent'. [plugin angular-compiler]

    src/app/administration/site-info/site-info-table/site-info-table.component.html:35:65:
      35 â”‚ ...div class="option" (click)="selectStatus('Pending')">Pending</div>
         â•µ                                ~~~~~~~~~~~~

  Error occurs in the template of component SiteInfoTableComponent.

    src/app/administration/site-info/site-info-table/site-info-table.component.ts:8:15:
      8 â”‚   templateUrl: './site-info-table.component.html',
        â•µ                ~~~~~~~~~~~~~~~~~~~~~~~~~~~~~~~~~~


âœ˜ [ERROR] NG9: Property 'selectStatus' does not exist on type 'SiteInfoTableComponent'. [plugin angular-compiler]

    src/app/administration/site-info/site-info-table/site-info-table.component.html:36:65:
      36 â”‚ ...div class="option" (click)="selectStatus('Dispute')">Dispute</div>
         â•µ                                ~~~~~~~~~~~~

  Error occurs in the template of component SiteInfoTableComponent.

    src/app/administration/site-info/site-info-table/site-info-table.component.ts:8:15:
      8 â”‚   templateUrl: './site-info-table.component.html',
        â•µ                ~~~~~~~~~~~~~~~~~~~~~~~~~~~~~~~~~~


- Changes detected. Rebuilding...

Application bundle generation failed. [0.165 seconds]

â–² [WARNING] NG8103: The `*ngIf` directive was used in the template, but neither the `NgIf` directive nor the `CommonModule` was imported. Use Angular's built-in control flow @if or make sure that either the `NgIf` directive or the `CommonModule` is included in the `@Component.imports` array of this component. [plugin angular-compiler]

    src/app/administration/site-info/site-info-table/site-info-table.component.html:32:37:
      32 â”‚                                     *ngIf="isDropdownOpen">
         â•µ                                      ~~~~

  Error occurs in the template of component SiteInfoTableComponent.

    src/app/administration/site-info/site-info-table/site-info-table.component.ts:8:15:
      8 â”‚   templateUrl: './site-info-table.component.html',
        â•µ                ~~~~~~~~~~~~~~~~~~~~~~~~~~~~~~~~~~


âœ˜ [ERROR] NG9: Property 'toggleDropdown' does not exist on type 'SiteInfoTableComponent'. [plugin angular-compiler]

    src/app/administration/site-info/site-info-table/site-info-table.component.html:29:64:
      29 â”‚ ...ass="selectBtn" (click)="toggleDropdown()" [class.toggle]="isDr...
         â•µ                             ~~~~~~~~~~~~~~

  Error occurs in the template of component SiteInfoTableComponent.

    src/app/administration/site-info/site-info-table/site-info-table.component.ts:8:15:
      8 â”‚   templateUrl: './site-info-table.component.html',
        â•µ                ~~~~~~~~~~~~~~~~~~~~~~~~~~~~~~~~~~


âœ˜ [ERROR] NG9: Property 'isDropdownOpen' does not exist on type 'SiteInfoTableComponent'. [plugin angular-compiler]

    src/app/administration/site-info/site-info-table/site-info-table.component.html:29:98:
      29 â”‚ ...Btn" (click)="toggleDropdown()" [class.toggle]="isDropdownOpen">{{
         â•µ                                                    ~~~~~~~~~~~~~~

  Error occurs in the template of component SiteInfoTableComponent.

    src/app/administration/site-info/site-info-table/site-info-table.component.ts:8:15:
      8 â”‚   templateUrl: './site-info-table.component.html',
        â•µ                ~~~~~~~~~~~~~~~~~~~~~~~~~~~~~~~~~~


âœ˜ [ERROR] NG9: Property 'filterStatusVal' does not exist on type 'SiteInfoTableComponent'. [plugin angular-compiler]

    src/app/administration/site-info/site-info-table/site-info-table.component.html:30:36:
      30 â”‚                                     filterStatusVal }}</div>
         â•µ                                     ~~~~~~~~~~~~~~~

  Error occurs in the template of component SiteInfoTableComponent.

    src/app/administration/site-info/site-info-table/site-info-table.component.ts:8:15:
      8 â”‚   templateUrl: './site-info-table.component.html',
        â•µ                ~~~~~~~~~~~~~~~~~~~~~~~~~~~~~~~~~~


âœ˜ [ERROR] NG9: Property 'isDropdownOpen' does not exist on type 'SiteInfoTableComponent'. [plugin angular-compiler]

    src/app/administration/site-info/site-info-table/site-info-table.component.html:31:76:
      31 â”‚ ...tDropdown" [class.toggle]="isDropdownOpen" style="display: block;"
         â•µ                               ~~~~~~~~~~~~~~

  Error occurs in the template of component SiteInfoTableComponent.

    src/app/administration/site-info/site-info-table/site-info-table.component.ts:8:15:
      8 â”‚   templateUrl: './site-info-table.component.html',
        â•µ                ~~~~~~~~~~~~~~~~~~~~~~~~~~~~~~~~~~


âœ˜ [ERROR] NG9: Property 'selectStatus' does not exist on type 'SiteInfoTableComponent'. [plugin angular-compiler]

    src/app/administration/site-info/site-info-table/site-info-table.component.html:33:65:
      33 â”‚ ...<div class="option" (click)="selectStatus('All')">All Status</div>
         â•µ                                 ~~~~~~~~~~~~

  Error occurs in the template of component SiteInfoTableComponent.

    src/app/administration/site-info/site-info-table/site-info-table.component.ts:8:15:
      8 â”‚   templateUrl: './site-info-table.component.html',
        â•µ                ~~~~~~~~~~~~~~~~~~~~~~~~~~~~~~~~~~


âœ˜ [ERROR] NG9: Property 'selectStatus' does not exist on type 'SiteInfoTableComponent'. [plugin angular-compiler]

    src/app/administration/site-info/site-info-table/site-info-table.component.html:34:65:
      34 â”‚ ...v class="option" (click)="selectStatus('Completed')">Completed<...
         â•µ                              ~~~~~~~~~~~~

  Error occurs in the template of component SiteInfoTableComponent.

    src/app/administration/site-info/site-info-table/site-info-table.component.ts:8:15:
      8 â”‚   templateUrl: './site-info-table.component.html',
        â•µ                ~~~~~~~~~~~~~~~~~~~~~~~~~~~~~~~~~~


âœ˜ [ERROR] NG9: Property 'selectStatus' does not exist on type 'SiteInfoTableComponent'. [plugin angular-compiler]

    src/app/administration/site-info/site-info-table/site-info-table.component.html:35:65:
      35 â”‚ ...div class="option" (click)="selectStatus('Pending')">Pending</div>
         â•µ                                ~~~~~~~~~~~~

  Error occurs in the template of component SiteInfoTableComponent.

    src/app/administration/site-info/site-info-table/site-info-table.component.ts:8:15:
      8 â”‚   templateUrl: './site-info-table.component.html',
        â•µ                ~~~~~~~~~~~~~~~~~~~~~~~~~~~~~~~~~~


âœ˜ [ERROR] NG9: Property 'selectStatus' does not exist on type 'SiteInfoTableComponent'. [plugin angular-compiler]

    src/app/administration/site-info/site-info-table/site-info-table.component.html:36:65:
      36 â”‚ ...div class="option" (click)="selectStatus('Dispute')">Dispute</div>
         â•µ                                ~~~~~~~~~~~~

  Error occurs in the template of component SiteInfoTableComponent.

    src/app/administration/site-info/site-info-table/site-info-table.component.ts:8:15:
      8 â”‚   templateUrl: './site-info-table.component.html',
        â•µ                ~~~~~~~~~~~~~~~~~~~~~~~~~~~~~~~~~~


- Changes detected. Rebuilding...

Application bundle generation failed. [0.407 seconds]

â–² [WARNING] NG8103: The `*ngIf` directive was used in the template, but neither the `NgIf` directive nor the `CommonModule` was imported. Use Angular's built-in control flow @if or make sure that either the `NgIf` directive or the `CommonModule` is included in the `@Component.imports` array of this component. [plugin angular-compiler]

    src/app/administration/site-info/site-info-table/site-info-table.component.html:32:37:
      32 â”‚                                     *ngIf="isDropdownOpen">
         â•µ                                      ~~~~

  Error occurs in the template of component SiteInfoTableComponent.

    src/app/administration/site-info/site-info-table/site-info-table.component.ts:8:15:
      8 â”‚   templateUrl: './site-info-table.component.html',
        â•µ                ~~~~~~~~~~~~~~~~~~~~~~~~~~~~~~~~~~


âœ˜ [ERROR] NG9: Property 'toggleDropdown' does not exist on type 'SiteInfoTableComponent'. [plugin angular-compiler]

    src/app/administration/site-info/site-info-table/site-info-table.component.html:29:64:
      29 â”‚ ...ass="selectBtn" (click)="toggleDropdown()" [class.toggle]="isDr...
         â•µ                             ~~~~~~~~~~~~~~

  Error occurs in the template of component SiteInfoTableComponent.

    src/app/administration/site-info/site-info-table/site-info-table.component.ts:8:15:
      8 â”‚   templateUrl: './site-info-table.component.html',
        â•µ                ~~~~~~~~~~~~~~~~~~~~~~~~~~~~~~~~~~


âœ˜ [ERROR] NG9: Property 'isDropdownOpen' does not exist on type 'SiteInfoTableComponent'. [plugin angular-compiler]

    src/app/administration/site-info/site-info-table/site-info-table.component.html:29:98:
      29 â”‚ ...Btn" (click)="toggleDropdown()" [class.toggle]="isDropdownOpen">{{
         â•µ                                                    ~~~~~~~~~~~~~~

  Error occurs in the template of component SiteInfoTableComponent.

    src/app/administration/site-info/site-info-table/site-info-table.component.ts:8:15:
      8 â”‚   templateUrl: './site-info-table.component.html',
        â•µ                ~~~~~~~~~~~~~~~~~~~~~~~~~~~~~~~~~~


âœ˜ [ERROR] NG9: Property 'filterStatusVal' does not exist on type 'SiteInfoTableComponent'. [plugin angular-compiler]

    src/app/administration/site-info/site-info-table/site-info-table.component.html:30:36:
      30 â”‚                                     filterStatusVal }}</div>
         â•µ                                     ~~~~~~~~~~~~~~~

  Error occurs in the template of component SiteInfoTableComponent.

    src/app/administration/site-info/site-info-table/site-info-table.component.ts:8:15:
      8 â”‚   templateUrl: './site-info-table.component.html',
        â•µ                ~~~~~~~~~~~~~~~~~~~~~~~~~~~~~~~~~~


âœ˜ [ERROR] NG9: Property 'isDropdownOpen' does not exist on type 'SiteInfoTableComponent'. [plugin angular-compiler]

    src/app/administration/site-info/site-info-table/site-info-table.component.html:31:76:
      31 â”‚ ...tDropdown" [class.toggle]="isDropdownOpen" style="display: block;"
         â•µ                               ~~~~~~~~~~~~~~

  Error occurs in the template of component SiteInfoTableComponent.

    src/app/administration/site-info/site-info-table/site-info-table.component.ts:8:15:
      8 â”‚   templateUrl: './site-info-table.component.html',
        â•µ                ~~~~~~~~~~~~~~~~~~~~~~~~~~~~~~~~~~


âœ˜ [ERROR] NG9: Property 'selectStatus' does not exist on type 'SiteInfoTableComponent'. [plugin angular-compiler]

    src/app/administration/site-info/site-info-table/site-info-table.component.html:33:65:
      33 â”‚ ...<div class="option" (click)="selectStatus('All')">All Status</div>
         â•µ                                 ~~~~~~~~~~~~

  Error occurs in the template of component SiteInfoTableComponent.

    src/app/administration/site-info/site-info-table/site-info-table.component.ts:8:15:
      8 â”‚   templateUrl: './site-info-table.component.html',
        â•µ                ~~~~~~~~~~~~~~~~~~~~~~~~~~~~~~~~~~


âœ˜ [ERROR] NG9: Property 'selectStatus' does not exist on type 'SiteInfoTableComponent'. [plugin angular-compiler]

    src/app/administration/site-info/site-info-table/site-info-table.component.html:34:65:
      34 â”‚ ...v class="option" (click)="selectStatus('Completed')">Completed<...
         â•µ                              ~~~~~~~~~~~~

  Error occurs in the template of component SiteInfoTableComponent.

    src/app/administration/site-info/site-info-table/site-info-table.component.ts:8:15:
      8 â”‚   templateUrl: './site-info-table.component.html',
        â•µ                ~~~~~~~~~~~~~~~~~~~~~~~~~~~~~~~~~~


âœ˜ [ERROR] NG9: Property 'selectStatus' does not exist on type 'SiteInfoTableComponent'. [plugin angular-compiler]

    src/app/administration/site-info/site-info-table/site-info-table.component.html:35:65:
      35 â”‚ ...div class="option" (click)="selectStatus('Pending')">Pending</div>
         â•µ                                ~~~~~~~~~~~~

  Error occurs in the template of component SiteInfoTableComponent.

    src/app/administration/site-info/site-info-table/site-info-table.component.ts:8:15:
      8 â”‚   templateUrl: './site-info-table.component.html',
        â•µ                ~~~~~~~~~~~~~~~~~~~~~~~~~~~~~~~~~~


âœ˜ [ERROR] NG9: Property 'selectStatus' does not exist on type 'SiteInfoTableComponent'. [plugin angular-compiler]

    src/app/administration/site-info/site-info-table/site-info-table.component.html:36:65:
      36 â”‚ ...div class="option" (click)="selectStatus('Dispute')">Dispute</div>
         â•µ                                ~~~~~~~~~~~~

  Error occurs in the template of component SiteInfoTableComponent.

    src/app/administration/site-info/site-info-table/site-info-table.component.ts:8:15:
      8 â”‚   templateUrl: './site-info-table.component.html',
        â•µ                ~~~~~~~~~~~~~~~~~~~~~~~~~~~~~~~~~~


- Changes detected. Rebuilding...

Application bundle generation failed. [0.193 seconds]

â–² [WARNING] NG8103: The `*ngIf` directive was used in the template, but neither the `NgIf` directive nor the `CommonModule` was imported. Use Angular's built-in control flow @if or make sure that either the `NgIf` directive or the `CommonModule` is included in the `@Component.imports` array of this component. [plugin angular-compiler]

    src/app/administration/site-info/site-info-table/site-info-table.component.html:32:37:
      32 â”‚                                     *ngIf="isDropdownOpen">
         â•µ                                      ~~~~

  Error occurs in the template of component SiteInfoTableComponent.

    src/app/administration/site-info/site-info-table/site-info-table.component.ts:8:15:
      8 â”‚   templateUrl: './site-info-table.component.html',
        â•µ                ~~~~~~~~~~~~~~~~~~~~~~~~~~~~~~~~~~


âœ˜ [ERROR] NG9: Property 'toggleDropdown' does not exist on type 'SiteInfoTableComponent'. [plugin angular-compiler]

    src/app/administration/site-info/site-info-table/site-info-table.component.html:29:64:
      29 â”‚ ...ass="selectBtn" (click)="toggleDropdown()" [class.toggle]="isDr...
         â•µ                             ~~~~~~~~~~~~~~

  Error occurs in the template of component SiteInfoTableComponent.

    src/app/administration/site-info/site-info-table/site-info-table.component.ts:8:15:
      8 â”‚   templateUrl: './site-info-table.component.html',
        â•µ                ~~~~~~~~~~~~~~~~~~~~~~~~~~~~~~~~~~


âœ˜ [ERROR] NG1: Property 'filterStatusVal' does not exist on type 'SiteInfoTableComponent'. Did you mean 'filterStatus'? [plugin angular-compiler]

    src/app/administration/site-info/site-info-table/site-info-table.component.html:30:36:
      30 â”‚                                     filterStatusVal }}</div>
         â•µ                                     ~~~~~~~~~~~~~~~

  Error occurs in the template of component SiteInfoTableComponent.

    src/app/administration/site-info/site-info-table/site-info-table.component.ts:8:15:
      8 â”‚   templateUrl: './site-info-table.component.html',
        â•µ                ~~~~~~~~~~~~~~~~~~~~~~~~~~~~~~~~~~


âœ˜ [ERROR] NG9: Property 'selectStatus' does not exist on type 'SiteInfoTableComponent'. [plugin angular-compiler]

    src/app/administration/site-info/site-info-table/site-info-table.component.html:33:65:
      33 â”‚ ...<div class="option" (click)="selectStatus('All')">All Status</div>
         â•µ                                 ~~~~~~~~~~~~

  Error occurs in the template of component SiteInfoTableComponent.

    src/app/administration/site-info/site-info-table/site-info-table.component.ts:8:15:
      8 â”‚   templateUrl: './site-info-table.component.html',
        â•µ                ~~~~~~~~~~~~~~~~~~~~~~~~~~~~~~~~~~


âœ˜ [ERROR] NG9: Property 'selectStatus' does not exist on type 'SiteInfoTableComponent'. [plugin angular-compiler]

    src/app/administration/site-info/site-info-table/site-info-table.component.html:34:65:
      34 â”‚ ...v class="option" (click)="selectStatus('Completed')">Completed<...
         â•µ                              ~~~~~~~~~~~~

  Error occurs in the template of component SiteInfoTableComponent.

    src/app/administration/site-info/site-info-table/site-info-table.component.ts:8:15:
      8 â”‚   templateUrl: './site-info-table.component.html',
        â•µ                ~~~~~~~~~~~~~~~~~~~~~~~~~~~~~~~~~~


âœ˜ [ERROR] NG9: Property 'selectStatus' does not exist on type 'SiteInfoTableComponent'. [plugin angular-compiler]

    src/app/administration/site-info/site-info-table/site-info-table.component.html:35:65:
      35 â”‚ ...div class="option" (click)="selectStatus('Pending')">Pending</div>
         â•µ                                ~~~~~~~~~~~~

  Error occurs in the template of component SiteInfoTableComponent.

    src/app/administration/site-info/site-info-table/site-info-table.component.ts:8:15:
      8 â”‚   templateUrl: './site-info-table.component.html',
        â•µ                ~~~~~~~~~~~~~~~~~~~~~~~~~~~~~~~~~~


âœ˜ [ERROR] NG9: Property 'selectStatus' does not exist on type 'SiteInfoTableComponent'. [plugin angular-compiler]

    src/app/administration/site-info/site-info-table/site-info-table.component.html:36:65:
      36 â”‚ ...div class="option" (click)="selectStatus('Dispute')">Dispute</div>
         â•µ                                ~~~~~~~~~~~~

  Error occurs in the template of component SiteInfoTableComponent.

    src/app/administration/site-info/site-info-table/site-info-table.component.ts:8:15:
      8 â”‚   templateUrl: './site-info-table.component.html',
        â•µ                ~~~~~~~~~~~~~~~~~~~~~~~~~~~~~~~~~~


- Changes detected. Rebuilding...

Application bundle generation failed. [0.169 seconds]

â–² [WARNING] NG8103: The `*ngIf` directive was used in the template, but neither the `NgIf` directive nor the `CommonModule` was imported. Use Angular's built-in control flow @if or make sure that either the `NgIf` directive or the `CommonModule` is included in the `@Component.imports` array of this component. [plugin angular-compiler]

    src/app/administration/site-info/site-info-table/site-info-table.component.html:32:37:
      32 â”‚                                     *ngIf="isDropdownOpen">
         â•µ                                      ~~~~

  Error occurs in the template of component SiteInfoTableComponent.

    src/app/administration/site-info/site-info-table/site-info-table.component.ts:8:15:
      8 â”‚   templateUrl: './site-info-table.component.html',
        â•µ                ~~~~~~~~~~~~~~~~~~~~~~~~~~~~~~~~~~


âœ˜ [ERROR] NG1: Property 'filterStatusVal' does not exist on type 'SiteInfoTableComponent'. Did you mean 'filterStatus'? [plugin angular-compiler]

    src/app/administration/site-info/site-info-table/site-info-table.component.html:30:36:
      30 â”‚                                     filterStatusVal }}</div>
         â•µ                                     ~~~~~~~~~~~~~~~

  Error occurs in the template of component SiteInfoTableComponent.

    src/app/administration/site-info/site-info-table/site-info-table.component.ts:8:15:
      8 â”‚   templateUrl: './site-info-table.component.html',
        â•µ                ~~~~~~~~~~~~~~~~~~~~~~~~~~~~~~~~~~


- Changes detected. Rebuilding...

Application bundle generation failed. [0.228 seconds]

â–² [WARNING] NG8103: The `*ngIf` directive was used in the template, but neither the `NgIf` directive nor the `CommonModule` was imported. Use Angular's built-in control flow @if or make sure that either the `NgIf` directive or the `CommonModule` is included in the `@Component.imports` array of this component. [plugin angular-compiler]

    src/app/administration/site-info/site-info-table/site-info-table.component.html:32:37:
      32 â”‚                                     *ngIf="isDropdownOpen">
         â•µ                                      ~~~~

  Error occurs in the template of component SiteInfoTableComponent.

    src/app/administration/site-info/site-info-table/site-info-table.component.ts:8:15:
      8 â”‚   templateUrl: './site-info-table.component.html',
        â•µ                ~~~~~~~~~~~~~~~~~~~~~~~~~~~~~~~~~~


âœ˜ [ERROR] TS2304: Cannot find name 'Site'. [plugin angular-compiler]

    src/app/administration/site-info/site-info-table/site-info-table.component.ts:16:23:
      16 â”‚   get filteredSites(): Site[] {
         â•µ                        ~~~~


âœ˜ [ERROR] TS2339: Property 'sites' does not exist on type 'SiteInfoTableComponent'. [plugin angular-compiler]

    src/app/administration/site-info/site-info-table/site-info-table.component.ts:17:16:
      17 â”‚     return this.sites.filter(site => {
         â•µ                 ~~~~~


âœ˜ [ERROR] TS7006: Parameter 'site' implicitly has an 'any' type. [plugin angular-compiler]

    src/app/administration/site-info/site-info-table/site-info-table.component.ts:17:29:
      17 â”‚     return this.sites.filter(site => {
         â•µ                              ~~~~


- Changes detected. Rebuilding...

Application bundle generation failed. [0.138 seconds]

â–² [WARNING] NG8103: The `*ngIf` directive was used in the template, but neither the `NgIf` directive nor the `CommonModule` was imported. Use Angular's built-in control flow @if or make sure that either the `NgIf` directive or the `CommonModule` is included in the `@Component.imports` array of this component. [plugin angular-compiler]

    src/app/administration/site-info/site-info-table/site-info-table.component.html:32:37:
      32 â”‚                                     *ngIf="isDropdownOpen">
         â•µ                                      ~~~~

  Error occurs in the template of component SiteInfoTableComponent.

    src/app/administration/site-info/site-info-table/site-info-table.component.ts:8:15:
      8 â”‚   templateUrl: './site-info-table.component.html',
        â•µ                ~~~~~~~~~~~~~~~~~~~~~~~~~~~~~~~~~~


âœ˜ [ERROR] NG1: Property 'filterStatusVal' does not exist on type 'SiteInfoTableComponent'. Did you mean 'filterStatus'? [plugin angular-compiler]

    src/app/administration/site-info/site-info-table/site-info-table.component.html:30:36:
      30 â”‚                                     filterStatusVal }}</div>
         â•µ                                     ~~~~~~~~~~~~~~~

  Error occurs in the template of component SiteInfoTableComponent.

    src/app/administration/site-info/site-info-table/site-info-table.component.ts:8:15:
      8 â”‚   templateUrl: './site-info-table.component.html',
        â•µ                ~~~~~~~~~~~~~~~~~~~~~~~~~~~~~~~~~~


- Changes detected. Rebuilding...

Application bundle generation failed. [0.163 seconds]

â–² [WARNING] NG8103: The `*ngIf` directive was used in the template, but neither the `NgIf` directive nor the `CommonModule` was imported. Use Angular's built-in control flow @if or make sure that either the `NgIf` directive or the `CommonModule` is included in the `@Component.imports` array of this component. [plugin angular-compiler]

    src/app/administration/site-info/site-info-table/site-info-table.component.html:32:37:
      32 â”‚                                     *ngIf="isDropdownOpen">
         â•µ                                      ~~~~

  Error occurs in the template of component SiteInfoTableComponent.

    src/app/administration/site-info/site-info-table/site-info-table.component.ts:8:15:
      8 â”‚   templateUrl: './site-info-table.component.html',
        â•µ                ~~~~~~~~~~~~~~~~~~~~~~~~~~~~~~~~~~


âœ˜ [ERROR] NG8002: Can't bind to 'ngModel' since it isn't a known property of 'input'. [plugin angular-compiler]

    src/app/administration/site-info/site-info-table/site-info-table.component.html:21:47:
      21 â”‚ ... <input type="text" [(ngModel)]="searchText" placeholder="Searc...
         â•µ                        ~~~~~~~~~~~~~~~~~~~~~~~~

  Error occurs in the template of component SiteInfoTableComponent.

    src/app/administration/site-info/site-info-table/site-info-table.component.ts:8:15:
      8 â”‚   templateUrl: './site-info-table.component.html',
        â•µ                ~~~~~~~~~~~~~~~~~~~~~~~~~~~~~~~~~~


âœ˜ [ERROR] NG1: Property 'filterStatusVal' does not exist on type 'SiteInfoTableComponent'. Did you mean 'filterStatus'? [plugin angular-compiler]

    src/app/administration/site-info/site-info-table/site-info-table.component.html:30:36:
      30 â”‚                                     filterStatusVal }}</div>
         â•µ                                     ~~~~~~~~~~~~~~~

  Error occurs in the template of component SiteInfoTableComponent.

    src/app/administration/site-info/site-info-table/site-info-table.component.ts:8:15:
      8 â”‚   templateUrl: './site-info-table.component.html',
        â•µ                ~~~~~~~~~~~~~~~~~~~~~~~~~~~~~~~~~~


- Changes detected. Rebuilding...

Initial chunk files | Names                 |  Raw size
polyfills.js        | polyfills             |  88.09 kB | 
main.js             | main                  |   6.17 kB | 
styles.css          | styles                |   1.27 kB | 
chunk-HN5UAHUH.js   | -                     | 257 bytes | 

                    | Initial total         |  95.78 kB

Lazy chunk files    | Names                 |  Raw size
chunk-ZWPMRKEZ.js   | administration-module | 310.50 kB | 
chunk-3YZQ6QO7.js   | customer-app-module   | 191.60 kB | 

Application bundle generation complete. [0.489 seconds]

Page reload sent to client(s).
- Changes detected. Rebuilding...

Initial chunk files | Names                 |  Raw size
main.js             | main                  |   6.17 kB | 

Lazy chunk files    | Names                 |  Raw size
chunk-X6AKM5QX.js   | administration-module | 310.21 kB | 

Application bundle generation complete. [0.454 seconds]

Page reload sent to client(s).

> creative-builders-theme-one@0.0.0 start
> ng serve

? Port 4200 is already in use.
Would you like to use a different port? (Y/n) [46D[46C- Changes detected. Rebuilding...

Initial chunk files | Names                 |  Raw size
main.js             | main                  |   6.17 kB | 

Lazy chunk files    | Names                 |  Raw size
chunk-VOVXWYF2.js   | administration-module | 310.21 kB | 

Application bundle generation complete. [0.255 seconds]

Page reload sent to client(s).
- Changes detected. Rebuilding...

Initial chunk files | Names                 |  Raw size
main.js             | main                  |   6.17 kB | 

Lazy chunk files    | Names                 |  Raw size
chunk-3A637YRK.js   | administration-module | 310.26 kB | 

Application bundle generation complete. [0.241 seconds]

Page reload sent to client(s).
- Changes detected. Rebuilding...

Initial chunk files | Names                 |  Raw size
main.js             | main                  |   6.17 kB | 

Lazy chunk files    | Names                 |  Raw size
chunk-NPUG6K53.js   | administration-module | 310.34 kB | 

Application bundle generation complete. [0.359 seconds]

Page reload sent to client(s).
- Changes detected. Rebuilding...

Initial chunk files | Names                 |  Raw size
main.js             | main                  |   6.17 kB | 

Lazy chunk files    | Names                 |  Raw size
chunk-LDOTVICD.js   | administration-module | 310.34 kB | 

Application bundle generation complete. [0.359 seconds]

Page reload sent to client(s).
- Changes detected. Rebuilding...

Initial chunk files | Names                 |  Raw size
main.js             | main                  |   6.17 kB | 

Lazy chunk files    | Names                 |  Raw size
chunk-R6PSLWDR.js   | administration-module | 310.35 kB | 

Application bundle generation complete. [0.221 seconds]

Page reload sent to client(s).
- Changes detected. Rebuilding...

Initial chunk files | Names                 |  Raw size
main.js             | main                  |   6.17 kB | 

Lazy chunk files    | Names                 |  Raw size
chunk-5EZVWODM.js   | administration-module | 310.35 kB | 

Application bundle generation complete. [0.297 seconds]

Page reload sent to client(s).
- Changes detected. Rebuilding...

Initial chunk files | Names                 |  Raw size
main.js             | main                  |   6.17 kB | 

Lazy chunk files    | Names                 |  Raw size
chunk-BM7Z5VYS.js   | administration-module | 310.39 kB | 

Application bundle generation complete. [0.373 seconds]

Page reload sent to client(s).
- Changes detected. Rebuilding...

Initial chunk files | Names                 |  Raw size
main.js             | main                  |   6.17 kB | 

Lazy chunk files    | Names                 |  Raw size
chunk-SQ3ELL4K.js   | administration-module | 310.48 kB | 

Application bundle generation complete. [0.307 seconds]

Page reload sent to client(s).
- Changes detected. Rebuilding...

Initial chunk files | Names                 |  Raw size
main.js             | main                  |   6.17 kB | 

Lazy chunk files    | Names                 |  Raw size
chunk-HCC44QB5.js   | administration-module | 310.52 kB | 

Application bundle generation complete. [0.378 seconds]

Page reload sent to client(s).
- Changes detected. Rebuilding...

Initial chunk files | Names                 |  Raw size
main.js             | main                  |   6.17 kB | 

Lazy chunk files    | Names                 |  Raw size
chunk-ACRGO657.js   | administration-module | 310.62 kB | 

Application bundle generation complete. [0.240 seconds]

Page reload sent to client(s).
- Changes detected. Rebuilding...

Initial chunk files | Names                 |  Raw size
main.js             | main                  |   6.17 kB | 

Lazy chunk files    | Names                 |  Raw size
chunk-SVH67GJR.js   | administration-module | 310.62 kB | 

Application bundle generation complete. [0.238 seconds]

Page reload sent to client(s).
- Changes detected. Rebuilding...

Initial chunk files | Names                 |  Raw size
main.js             | main                  |   6.17 kB | 

Lazy chunk files    | Names                 |  Raw size
chunk-Y4MLHQQ7.js   | administration-module | 310.66 kB | 

Application bundle generation complete. [0.213 seconds]

Page reload sent to client(s).
- Changes detected. Rebuilding...

Application bundle generation failed. [0.196 seconds]

âœ˜ [ERROR] NG9: Property 'blockNo' does not exist on type 'SiteInfo'. [plugin angular-compiler]

    src/app/administration/site-info/site-info-table/site-info-table.component.html:60:36:
      60 â”‚                         <td>{{ site.blockNo }}</td>
         â•µ                                     ~~~~~~~

  Error occurs in the template of component SiteInfoTableComponent.

    src/app/administration/site-info/site-info-table/site-info-table.component.ts:15:15:
      15 â”‚   templateUrl: './site-info-table.component.html',
         â•µ                ~~~~~~~~~~~~~~~~~~~~~~~~~~~~~~~~~~


âœ˜ [ERROR] NG9: Property 'streetNo' does not exist on type 'SiteInfo'. [plugin angular-compiler]

    src/app/administration/site-info/site-info-table/site-info-table.component.html:61:36:
      61 â”‚                         <td>{{ site.streetNo }}</td>
         â•µ                                     ~~~~~~~~

  Error occurs in the template of component SiteInfoTableComponent.

    src/app/administration/site-info/site-info-table/site-info-table.component.ts:15:15:
      15 â”‚   templateUrl: './site-info-table.component.html',
         â•µ                ~~~~~~~~~~~~~~~~~~~~~~~~~~~~~~~~~~


âœ˜ [ERROR] NG9: Property 'houseNo' does not exist on type 'SiteInfo'. [plugin angular-compiler]

    src/app/administration/site-info/site-info-table/site-info-table.component.html:62:36:
      62 â”‚                         <td>{{ site.houseNo }}</td>
         â•µ                                     ~~~~~~~

  Error occurs in the template of component SiteInfoTableComponent.

    src/app/administration/site-info/site-info-table/site-info-table.component.ts:15:15:
      15 â”‚   templateUrl: './site-info-table.component.html',
         â•µ                ~~~~~~~~~~~~~~~~~~~~~~~~~~~~~~~~~~


- Changes detected. Rebuilding...

Application bundle generation failed. [0.383 seconds]

âœ˜ [ERROR] TS2739: Type '{ name: string; status: "Completed"; }' is missing the following properties from type 'SiteInfo': blockNo, streetNo, houseNo [plugin angular-compiler]

    src/app/administration/site-info/site-info-table/site-info-table.component.ts:27:4:
      27 â”‚     { name: 'Rizwan Heights', status: 'Completed' },
         â•µ     ~~~~~~~~~~~~~~~~~~~~~~~~~~~~~~~~~~~~~~~~~~~~~~~


âœ˜ [ERROR] TS2739: Type '{ name: string; status: "Pending"; }' is missing the following properties from type 'SiteInfo': blockNo, streetNo, houseNo [plugin angular-compiler]

    src/app/administration/site-info/site-info-table/site-info-table.component.ts:28:4:
      28 â”‚     { name: "Ali's Home", status: 'Pending' },
         â•µ     ~~~~~~~~~~~~~~~~~~~~~~~~~~~~~~~~~~~~~~~~~


âœ˜ [ERROR] TS2739: Type '{ name: string; status: "Dispute"; }' is missing the following properties from type 'SiteInfo': blockNo, streetNo, houseNo [plugin angular-compiler]

    src/app/administration/site-info/site-info-table/site-info-table.component.ts:29:4:
      29 â”‚     { name: "Lodhi's Arcade", status: 'Dispute' }
         â•µ     ~~~~~~~~~~~~~~~~~~~~~~~~~~~~~~~~~~~~~~~~~~~~~


- Changes detected. Rebuilding...

Initial chunk files | Names                 |  Raw size
polyfills.js        | polyfills             |  88.09 kB | 
main.js             | main                  |   6.17 kB | 
styles.css          | styles                |   1.27 kB | 
chunk-HN5UAHUH.js   | -                     | 257 bytes | 

                    | Initial total         |  95.78 kB

Lazy chunk files    | Names                 |  Raw size
chunk-XKES5M7W.js   | administration-module | 311.33 kB | 
chunk-3YZQ6QO7.js   | customer-app-module   | 191.60 kB | 

Application bundle generation complete. [0.354 seconds]

Page reload sent to client(s).
- Changes detected. Rebuilding...

Initial chunk files | Names                 |  Raw size
main.js             | main                  |   6.17 kB | 

Lazy chunk files    | Names                 |  Raw size
chunk-VOGHTRIA.js   | administration-module | 311.33 kB | 

Application bundle generation complete. [0.177 seconds]

Page reload sent to client(s).
- Changes detected. Rebuilding...

Initial chunk files | Names                 |  Raw size
main.js             | main                  |   6.17 kB | 

Lazy chunk files    | Names                 |  Raw size
chunk-LVPZCSZX.js   | administration-module | 311.41 kB | 

Application bundle generation complete. [0.994 seconds]

Page reload sent to client(s).
- Changes detected. Rebuilding...

Initial chunk files | Names                 |  Raw size
main.js             | main                  |   6.17 kB | 

Lazy chunk files    | Names                 |  Raw size
chunk-YUP375ED.js   | administration-module | 313.66 kB | 

Application bundle generation complete. [0.943 seconds]

Page reload sent to client(s).
- Changes detected. Rebuilding...

Initial chunk files | Names                 |  Raw size
main.js             | main                  |   6.17 kB | 

Lazy chunk files    | Names                 |  Raw size
chunk-BELTMEVX.js   | administration-module | 313.66 kB | 

Application bundle generation complete. [3.751 seconds]

Page reload sent to client(s).
- Changes detected. Rebuilding...

Application bundle generation failed. [5.239 seconds]

âœ˜ [ERROR] TS1005: ':' expected. [plugin angular-compiler]

    src/app/administration/site-info/add-site-info/add-site-info.component.ts:29:4:
      29 â”‚     'Item': 'Ø¢Ø¦Ù¹Ù…',
         â•µ     ~~~~~~


âœ˜ [ERROR] TS1005: ',' expected. [plugin angular-compiler]

    src/app/administration/site-info/add-site-info/add-site-info.component.ts:29:10:
      29 â”‚     'Item': 'Ø¢Ø¦Ù¹Ù…',
         â•µ           ^


âœ˜ [ERROR] TS1005: ':' expected. [plugin angular-compiler]

    src/app/administration/site-info/add-site-info/add-site-info.component.ts:29:18:
      29 â”‚     'Item': 'Ø¢Ø¦Ù¹Ù…',
         â•µ                 ^


âœ˜ [ERROR] Unexpected ","

    src/app/administration/site-info/add-site-info/add-site-info.component.ts:461:36:
      461 â”‚             '': 'Item', 'Ø¢Ø¦Ù¹Ù…': ,
          â•µ                                 ^


- Changes detected. Rebuilding...

Application bundle generation failed. [3.026 seconds]

âœ˜ [ERROR] TS1005: ':' expected. [plugin angular-compiler]

    src/app/administration/site-info/add-site-info/add-site-info.component.ts:29:4:
      29 â”‚     'Item': 'Ø¢Ø¦Ù¹Ù…',
         â•µ     ~~~~~~


âœ˜ [ERROR] TS1005: ',' expected. [plugin angular-compiler]

    src/app/administration/site-info/add-site-info/add-site-info.component.ts:29:10:
      29 â”‚     'Item': 'Ø¢Ø¦Ù¹Ù…',
         â•µ           ^


âœ˜ [ERROR] TS1005: ':' expected. [plugin angular-compiler]

    src/app/administration/site-info/add-site-info/add-site-info.component.ts:29:18:
      29 â”‚     'Item': 'Ø¢Ø¦Ù¹Ù…',
         â•µ                 ^


âœ˜ [ERROR] Unexpected ","

    src/app/administration/site-info/add-site-info/add-site-info.component.ts:461:36:
      461 â”‚             '': 'Item', 'Ø¢Ø¦Ù¹Ù…': ,
          â•µ                                 ^


- Changes detected. Rebuilding...

Initial chunk files | Names                 |  Raw size
polyfills.js        | polyfills             |  88.09 kB | 
main.js             | main                  |   6.17 kB | 
styles.css          | styles                |   1.27 kB | 
chunk-HN5UAHUH.js   | -                     | 257 bytes | 

                    | Initial total         |  95.78 kB

Lazy chunk files    | Names                 |  Raw size
chunk-ZDM4YLT5.js   | administration-module | 313.81 kB | 
chunk-3YZQ6QO7.js   | customer-app-module   | 191.60 kB | 

Application bundle generation complete. [2.749 seconds]

Page reload sent to client(s).
- Changes detected. Rebuilding...

Initial chunk files | Names                 |  Raw size
main.js             | main                  |   6.17 kB | 

Lazy chunk files    | Names                 |  Raw size
chunk-AKIIEJOE.js   | administration-module | 313.81 kB | 

Application bundle generation complete. [0.430 seconds]

Page reload sent to client(s).
- Changes detected. Rebuilding...

Initial chunk files | Names                 |  Raw size
main.js             | main                  |   6.17 kB | 

Lazy chunk files    | Names                 |  Raw size
chunk-7HRNRVKD.js   | administration-module | 313.81 kB | 

Application bundle generation complete. [0.585 seconds]

Page reload sent to client(s).
- Changes detected. Rebuilding...

Initial chunk files | Names                 |  Raw size
main.js             | main                  |   6.17 kB | 

Lazy chunk files    | Names                 |  Raw size
chunk-PLATWQH7.js   | administration-module | 313.82 kB | 

Application bundle generation complete. [0.741 seconds]

Page reload sent to client(s).
- Changes detected. Rebuilding...

Initial chunk files | Names                 |  Raw size
main.js             | main                  |   6.17 kB | 

Lazy chunk files    | Names                 |  Raw size
chunk-QCKKBVCR.js   | administration-module | 313.83 kB | 

Application bundle generation complete. [0.600 seconds]

Page reload sent to client(s).
- Changes detected. Rebuilding...

Initial chunk files | Names                 |  Raw size
main.js             | main                  |   6.17 kB | 

Lazy chunk files    | Names                 |  Raw size
chunk-XGNT7E3T.js   | administration-module | 313.83 kB | 

Application bundle generation complete. [0.879 seconds]

Page reload sent to client(s).
- Changes detected. Rebuilding...

Initial chunk files | Names                 |  Raw size
main.js             | main                  |   6.17 kB | 

Lazy chunk files    | Names                 |  Raw size
chunk-G74BBNNE.js   | administration-module | 313.85 kB | 

Application bundle generation complete. [0.952 seconds]

Page reload sent to client(s).
- Changes detected. Rebuilding...

Initial chunk files | Names                 |  Raw size
main.js             | main                  |   6.17 kB | 

Lazy chunk files    | Names                 |  Raw size
chunk-ETXX6BQE.js   | administration-module | 314.03 kB | 

Application bundle generation complete. [1.280 seconds]

Page reload sent to client(s).
- Changes detected. Rebuilding...

Application bundle generation failed. [0.494 seconds]

âœ˜ [ERROR] TS2339: Property 'renderer' does not exist on type 'LayoutComponent'. [plugin angular-compiler]

    src/app/administration/layout/layout.component.ts:27:11:
      27 â”‚       this.renderer.listen('window', 'mousemove', (e: MouseEvent) ...
         â•µ            ~~~~~~~~


âœ˜ [ERROR] TS2339: Property 'renderer' does not exist on type 'LayoutComponent'. [plugin angular-compiler]

    src/app/administration/layout/layout.component.ts:35:11:
      35 â”‚       this.renderer.listen('document', 'mouseenter', (e: Event) => {
         â•µ            ~~~~~~~~


âœ˜ [ERROR] TS2339: Property 'renderer' does not exist on type 'LayoutComponent'. [plugin angular-compiler]

    src/app/administration/layout/layout.component.ts:45:11:
      45 â”‚       this.renderer.listen('document', 'mouseover', (event) => {
         â•µ            ~~~~~~~~


âœ˜ [ERROR] TS7006: Parameter 'event' implicitly has an 'any' type. [plugin angular-compiler]

    src/app/administration/layout/layout.component.ts:45:53:
      45 â”‚       this.renderer.listen('document', 'mouseover', (event) => {
         â•µ                                                      ~~~~~


âœ˜ [ERROR] TS2339: Property 'renderer' does not exist on type 'LayoutComponent'. [plugin angular-compiler]

    src/app/administration/layout/layout.component.ts:53:11:
      53 â”‚       this.renderer.listen('document', 'mouseout', (event) => {
         â•µ            ~~~~~~~~


âœ˜ [ERROR] TS7006: Parameter 'event' implicitly has an 'any' type. [plugin angular-compiler]

    src/app/administration/layout/layout.component.ts:53:52:
      53 â”‚       this.renderer.listen('document', 'mouseout', (event) => {
         â•µ                                                     ~~~~~


- Changes detected. Rebuilding...

Application bundle generation failed. [0.341 seconds]

âœ˜ [ERROR] TS2304: Cannot find name 'HostListener'. [plugin angular-compiler]

    src/app/administration/layout/layout.component.ts:16:5:
      16 â”‚     @HostListener('window:scroll', [])
         â•µ      ~~~~~~~~~~~~


âœ˜ [ERROR] TS-992003: No suitable injection token for parameter 'renderer' of class 'LayoutComponent'.
  Consider using the @Inject decorator to specify an injection token. [plugin angular-compiler]

    src/app/administration/layout/layout.component.ts:29:24:
      29 â”‚     constructor(private renderer: Renderer2) { }
         â•µ                         ~~~~~~~~

  This type does not have a value, so it cannot be used as injection token.

    src/app/administration/layout/layout.component.ts:29:34:
      29 â”‚     constructor(private renderer: Renderer2) { }
         â•µ                                   ~~~~~~~~~


âœ˜ [ERROR] TS2304: Cannot find name 'Renderer2'. [plugin angular-compiler]

    src/app/administration/layout/layout.component.ts:29:34:
      29 â”‚     constructor(private renderer: Renderer2) { }
         â•µ                                   ~~~~~~~~~


âœ˜ [ERROR] TS7006: Parameter 'event' implicitly has an 'any' type. [plugin angular-compiler]

    src/app/administration/layout/layout.component.ts:63:53:
      63 â”‚       this.renderer.listen('document', 'mouseover', (event) => {
         â•µ                                                      ~~~~~


âœ˜ [ERROR] TS7006: Parameter 'event' implicitly has an 'any' type. [plugin angular-compiler]

    src/app/administration/layout/layout.component.ts:71:52:
      71 â”‚       this.renderer.listen('document', 'mouseout', (event) => {
         â•µ                                                     ~~~~~


- Changes detected. Rebuilding...

Application bundle generation failed. [0.398 seconds]

âœ˜ [ERROR] TS2304: Cannot find name 'HostListener'. [plugin angular-compiler]

    src/app/administration/layout/layout.component.ts:16:5:
      16 â”‚     @HostListener('window:scroll', [])
         â•µ      ~~~~~~~~~~~~


- Changes detected. Rebuilding...

Application bundle generation failed. [0.513 seconds]

âœ˜ [ERROR] TS2304: Cannot find name 'HostListener'. [plugin angular-compiler]

    src/app/administration/layout/layout.component.ts:15:5:
      15 â”‚     @HostListener('window:scroll', [])
         â•µ      ~~~~~~~~~~~~


âœ˜ [ERROR] TS2339: Property 'showScrollButton' does not exist on type 'LayoutComponent'. [plugin angular-compiler]

    src/app/administration/layout/layout.component.ts:18:13:
      18 â”‚         this.showScrollButton = true;
         â•µ              ~~~~~~~~~~~~~~~~


âœ˜ [ERROR] TS2339: Property 'showScrollButton' does not exist on type 'LayoutComponent'. [plugin angular-compiler]

    src/app/administration/layout/layout.component.ts:20:13:
      20 â”‚         this.showScrollButton = false;
         â•µ              ~~~~~~~~~~~~~~~~


- Changes detected. Rebuilding...

Application bundle generation failed. [0.262 seconds]

âœ˜ [ERROR] TS2339: Property 'showScrollButton' does not exist on type 'LayoutComponent'. [plugin angular-compiler]

    src/app/administration/layout/layout.component.ts:18:13:
      18 â”‚         this.showScrollButton = true;
         â•µ              ~~~~~~~~~~~~~~~~


âœ˜ [ERROR] TS2339: Property 'showScrollButton' does not exist on type 'LayoutComponent'. [plugin angular-compiler]

    src/app/administration/layout/layout.component.ts:20:13:
      20 â”‚         this.showScrollButton = false;
         â•µ              ~~~~~~~~~~~~~~~~


- Changes detected. Rebuilding...

Initial chunk files | Names                 |  Raw size
polyfills.js        | polyfills             |  88.09 kB | 
main.js             | main                  |   6.17 kB | 
styles.css          | styles                |   1.27 kB | 
chunk-HN5UAHUH.js   | -                     | 257 bytes | 

                    | Initial total         |  95.78 kB

Lazy chunk files    | Names                 |  Raw size
chunk-PG72AQT5.js   | administration-module | 315.60 kB | 
chunk-3YZQ6QO7.js   | customer-app-module   | 191.60 kB | 

Application bundle generation complete. [0.526 seconds]

Page reload sent to client(s).
- Changes detected. Rebuilding...

Initial chunk files | Names                 |  Raw size
main.js             | main                  |   6.17 kB | 

Lazy chunk files    | Names                 |  Raw size
chunk-K3KANFUI.js   | administration-module | 315.53 kB | 

Application bundle generation complete. [0.973 seconds]

Page reload sent to client(s).
- Changes detected. Rebuilding...

Initial chunk files | Names                 |  Raw size
main.js             | main                  |   6.17 kB | 

Lazy chunk files    | Names                 |  Raw size
chunk-O2OGQNMV.js   | administration-module | 315.53 kB | 

Application bundle generation complete. [1.229 seconds]

Page reload sent to client(s).
- Changes detected. Rebuilding...

Initial chunk files | Names                 |  Raw size
main.js             | main                  |   6.17 kB | 

Lazy chunk files    | Names                 |  Raw size
chunk-JHOGCVFA.js   | administration-module | 315.56 kB | 

Application bundle generation complete. [0.410 seconds]

Page reload sent to client(s).
